2019-02-11 20:01:40,358 INFO o.a.j.u.JMeterUtils: Setting Locale to en_EN
2019-02-11 20:01:40,413 INFO o.a.j.JMeter: Loading user properties from: user.properties
2019-02-11 20:01:40,415 INFO o.a.j.JMeter: Loading system properties from: system.properties
2019-02-11 20:01:40,428 INFO o.a.j.JMeter: Copyright (c) 1998-2018 The Apache Software Foundation
2019-02-11 20:01:40,429 INFO o.a.j.JMeter: Version 5.0 r1840935
2019-02-11 20:01:40,429 INFO o.a.j.JMeter: java.version=11.0.2
2019-02-11 20:01:40,429 INFO o.a.j.JMeter: java.vm.name=Java HotSpot(TM) 64-Bit Server VM
2019-02-11 20:01:40,429 INFO o.a.j.JMeter: os.name=Mac OS X
2019-02-11 20:01:40,430 INFO o.a.j.JMeter: os.arch=x86_64
2019-02-11 20:01:40,430 INFO o.a.j.JMeter: os.version=10.13.6
2019-02-11 20:01:40,430 INFO o.a.j.JMeter: file.encoding=UTF-8
2019-02-11 20:01:40,430 INFO o.a.j.JMeter: Max memory     =1073741824
2019-02-11 20:01:40,431 INFO o.a.j.JMeter: Available Processors =4
2019-02-11 20:01:40,450 INFO o.a.j.JMeter: Default Locale=English (EN)
2019-02-11 20:01:40,451 INFO o.a.j.JMeter: JMeter  Locale=English (EN)
2019-02-11 20:01:40,451 INFO o.a.j.JMeter: JMeterHome=/Users/sinanyavas/Documents/Jmeter/apache-jmeter-5.0
2019-02-11 20:01:40,451 INFO o.a.j.JMeter: user.dir  =/Users/sinanyavas/Documents/Jmeter/apache-jmeter-5.0/bin
2019-02-11 20:01:40,451 INFO o.a.j.JMeter: PWD       =/Users/sinanyavas/Documents/Jmeter/apache-jmeter-5.0/bin
2019-02-11 20:01:40,468 INFO o.a.j.JMeter: IP: 192.168.0.20 Name: Sinans-MacBook-Air.local FullName: 192.168.0.20
2019-02-11 20:01:40,475 INFO o.a.j.s.FileServer: Default base='/Users/sinanyavas/Documents/Jmeter/apache-jmeter-5.0/bin'
2019-02-11 20:01:40,478 INFO o.a.j.s.FileServer: Set new base='/Users/sinanyavas/Documents/Jmeter/jmx_projects'
2019-02-11 20:01:40,780 INFO o.a.j.s.SaveService: Testplan (JMX) version: 2.2. Testlog (JTL) version: 2.2
2019-02-11 20:01:40,834 INFO o.a.j.s.SaveService: Using SaveService properties version 5.0
2019-02-11 20:01:40,841 INFO o.a.j.s.SaveService: Using SaveService properties file encoding UTF-8
2019-02-11 20:01:40,851 INFO o.a.j.s.SaveService: Loading file: /Users/sinanyavas/Documents/Jmeter/jmx_projects/runningJmeteronCommandLine.jmx
2019-02-11 20:01:40,932 INFO o.a.j.p.h.s.HTTPSamplerBase: Parser for text/html is org.apache.jmeter.protocol.http.parser.LagartoBasedHtmlParser
2019-02-11 20:01:40,933 INFO o.a.j.p.h.s.HTTPSamplerBase: Parser for application/xhtml+xml is org.apache.jmeter.protocol.http.parser.LagartoBasedHtmlParser
2019-02-11 20:01:40,933 INFO o.a.j.p.h.s.HTTPSamplerBase: Parser for application/xml is org.apache.jmeter.protocol.http.parser.LagartoBasedHtmlParser
2019-02-11 20:01:40,933 INFO o.a.j.p.h.s.HTTPSamplerBase: Parser for text/xml is org.apache.jmeter.protocol.http.parser.LagartoBasedHtmlParser
2019-02-11 20:01:40,933 INFO o.a.j.p.h.s.HTTPSamplerBase: Parser for text/vnd.wap.wml is org.apache.jmeter.protocol.http.parser.RegexpHTMLParser
2019-02-11 20:01:40,933 INFO o.a.j.p.h.s.HTTPSamplerBase: Parser for text/css is org.apache.jmeter.protocol.http.parser.CssParser
2019-02-11 20:01:40,942 INFO o.a.j.JMeter: Creating summariser <summary>
2019-02-11 20:01:40,960 INFO o.a.j.e.StandardJMeterEngine: Running the test!
2019-02-11 20:01:40,966 INFO o.a.j.s.SampleEvent: List of sample_variables: []
2019-02-11 20:01:40,966 INFO o.a.j.s.SampleEvent: List of sample_variables: []
2019-02-11 20:01:40,980 INFO o.a.j.e.u.CompoundVariable: Note: Function class names must contain the string: '.functions.'
2019-02-11 20:01:40,980 INFO o.a.j.e.u.CompoundVariable: Note: Function class names must not contain the string: '.gui.'
2019-02-11 20:01:41,609 INFO o.a.j.JMeter: Running test (1549915301609)
2019-02-11 20:01:41,646 INFO o.a.j.e.StandardJMeterEngine: Starting ThreadGroup: 1 : runningJmeteronCommandLine
2019-02-11 20:01:41,646 INFO o.a.j.e.StandardJMeterEngine: Starting 1 threads for group runningJmeteronCommandLine.
2019-02-11 20:01:41,646 INFO o.a.j.e.StandardJMeterEngine: Thread will continue on error
2019-02-11 20:01:41,647 INFO o.a.j.t.ThreadGroup: Starting thread group... number=1 threads=1 ramp-up=1 perThread=1000.0 delayedStart=false
2019-02-11 20:01:41,652 INFO o.a.j.t.ThreadGroup: Started thread group number 1
2019-02-11 20:01:41,652 INFO o.a.j.e.StandardJMeterEngine: All thread groups have been started
2019-02-11 20:01:41,658 INFO o.a.j.t.JMeterThread: Thread started: runningJmeteronCommandLine 1-1
2019-02-11 20:01:41,692 INFO o.a.j.p.h.s.HTTPHCAbstractImpl: Local host = Sinans-MacBook-Air.local
2019-02-11 20:01:41,706 INFO o.a.j.p.h.s.HTTPHC4Impl: HTTP request retry count = 0
2019-02-11 20:01:41,709 INFO o.a.j.s.SampleResult: Note: Sample TimeStamps are START times
2019-02-11 20:01:41,710 INFO o.a.j.s.SampleResult: sampleresult.default.encoding is set to ISO-8859-1
2019-02-11 20:01:41,710 INFO o.a.j.s.SampleResult: sampleresult.useNanoTime=true
2019-02-11 20:01:41,710 INFO o.a.j.s.SampleResult: sampleresult.nanoThreadSleep=5000
2019-02-11 20:01:41,992 INFO o.a.j.p.h.s.h.LazyLayeredConnectionSocketFactory: Setting up HTTPS TrustAll Socket Factory
2019-02-11 20:01:42,004 INFO o.a.j.u.JsseSSLManager: Using default SSL protocol: TLS
2019-02-11 20:01:42,004 INFO o.a.j.u.JsseSSLManager: SSL session context: per-thread
2019-02-11 20:01:42,146 INFO o.a.j.u.SSLManager: JmeterKeyStore Location:  type JKS
2019-02-11 20:01:42,151 INFO o.a.j.u.SSLManager: KeyStore created OK
2019-02-11 20:01:42,152 WARN o.a.j.u.SSLManager: Keystore file not found, loading empty keystore
2019-02-11 20:01:43,486 INFO o.a.j.t.JMeterThread: Thread is done: runningJmeteronCommandLine 1-1
2019-02-11 20:01:43,486 INFO o.a.j.t.JMeterThread: Thread finished: runningJmeteronCommandLine 1-1
2019-02-11 20:01:43,489 INFO o.a.j.e.StandardJMeterEngine: Notifying test listeners of end of test
2019-02-11 20:01:43,492 INFO o.a.j.r.Summariser: summary =      1 in 00:00:02 =    0.5/s Avg:  1607 Min:  1607 Max:  1607 Err:     0 (0.00%)
